  [1m[35m (181.9ms)[0m  [1m[35mCREATE DATABASE "Investi_development" ENCODING = 'unicode'[0m
  ↳ bin/rails:9
  [1m[35m (89.6ms)[0m  [1m[35mCREATE DATABASE "Investi_test" ENCODING = 'unicode'[0m
  ↳ bin/rails:9
  [1m[35m (35.1ms)[0m  [1m[35mCREATE TABLE "schema_migrations" ("version" character varying NOT NULL PRIMARY KEY)[0m
  ↳ bin/rails:9
  [1m[35m (5.1ms)[0m  [1m[35mCREATE TABLE "ar_internal_metadata" ("key" character varying NOT NULL PRIMARY KEY, "value" character varying, "created_at" timestamp NOT NULL, "updated_at" timestamp NOT NULL)[0m
  ↳ bin/rails:9
  [1m[35m (1.4ms)[0m  [1m[34mSELECT pg_try_advisory_lock(6581192254429100595)[0m
  ↳ bin/rails:9
  [1m[35m (0.6ms)[0m  [1m[34mSELECT "schema_migrations"."version" FROM "schema_migrations" ORDER BY "schema_migrations"."version" ASC[0m
  ↳ bin/rails:9
Migrating to CreateUsers (20200727182259)
  [1m[35m (0.1ms)[0m  [1m[35mBEGIN[0m
  ↳ bin/rails:9
  [1m[35m (7.2ms)[0m  [1m[35mCREATE TABLE "users" ("id" bigserial primary key, "email" character varying NOT NULL, "first_name" character varying NOT NULL, "last_name" character varying NOT NULL, "balance" integer NOT NULL, "password_digest" character varying NOT NULL, "session_token" character varying NOT NULL, "created_at" timestamp NOT NULL, "updated_at" timestamp NOT NULL)[0m
  ↳ db/migrate/20200727182259_create_users.rb:3
  [1m[35m (1.9ms)[0m  [1m[35mCREATE UNIQUE INDEX  "index_users_on_password_digest" ON "users"  ("password_digest")[0m
  ↳ db/migrate/20200727182259_create_users.rb:12
  [1m[35m (0.9ms)[0m  [1m[35mCREATE UNIQUE INDEX  "index_users_on_email" ON "users"  ("email")[0m
  ↳ db/migrate/20200727182259_create_users.rb:13
  [1m[36mActiveRecord::SchemaMigration Create (0.7ms)[0m  [1m[32mINSERT INTO "schema_migrations" ("version") VALUES ($1) RETURNING "version"[0m  [["version", "20200727182259"]]
  ↳ bin/rails:9
  [1m[35m (0.5ms)[0m  [1m[35mCOMMIT[0m
  ↳ bin/rails:9
  [1m[36mActiveRecord::InternalMetadata Load (0.4ms)[0m  [1m[34mSELECT  "ar_internal_metadata".* FROM "ar_internal_metadata" WHERE "ar_internal_metadata"."key" = $1 LIMIT $2[0m  [["key", "environment"], ["LIMIT", 1]]
  ↳ bin/rails:9
  [1m[35m (0.2ms)[0m  [1m[35mBEGIN[0m
  ↳ bin/rails:9
  [1m[36mActiveRecord::InternalMetadata Create (0.8ms)[0m  [1m[32mINSERT INTO "ar_internal_metadata" ("key", "value", "created_at", "updated_at") VALUES ($1, $2, $3, $4) RETURNING "key"[0m  [["key", "environment"], ["value", "development"], ["created_at", "2020-07-27 18:44:11.453535"], ["updated_at", "2020-07-27 18:44:11.453535"]]
  ↳ bin/rails:9
  [1m[35m (0.4ms)[0m  [1m[35mCOMMIT[0m
  ↳ bin/rails:9
  [1m[35m (1.0ms)[0m  [1m[34mSELECT pg_advisory_unlock(6581192254429100595)[0m
  ↳ bin/rails:9
  [1m[35m (0.3ms)[0m  [1m[34mSELECT "schema_migrations"."version" FROM "schema_migrations" ORDER BY "schema_migrations"."version" ASC[0m
  ↳ bin/rails:9
Started GET "/" for ::1 at 2020-07-27 15:37:40 -0400
  [1m[35m (1.8ms)[0m  [1m[34mSELECT "schema_migrations"."version" FROM "schema_migrations" ORDER BY "schema_migrations"."version" ASC[0m
  ↳ /Users/jin/.rbenv/versions/2.5.1/lib/ruby/gems/2.5.0/gems/activerecord-5.2.4.3/lib/active_record/log_subscriber.rb:98
Processing by StaticPagesController#root as HTML
  Rendering static_pages/root.html.erb within layouts/application
  Rendered static_pages/root.html.erb within layouts/application (1.8ms)
Completed 200 OK in 1445ms (Views: 1439.6ms | ActiveRecord: 0.0ms)


Started GET "/" for ::1 at 2020-07-27 15:39:48 -0400
Processing by StaticPagesController#root as HTML
  Rendering static_pages/root.html.erb within layouts/application
  Rendered static_pages/root.html.erb within layouts/application (0.4ms)
Completed 200 OK in 64ms (Views: 53.4ms | ActiveRecord: 0.0ms)


Started GET "/" for ::1 at 2020-07-27 15:40:59 -0400
  [1m[35m (1.0ms)[0m  [1m[34mSELECT "schema_migrations"."version" FROM "schema_migrations" ORDER BY "schema_migrations"."version" ASC[0m
  ↳ /Users/jin/.rbenv/versions/2.5.1/lib/ruby/gems/2.5.0/gems/activerecord-5.2.4.3/lib/active_record/log_subscriber.rb:98
Processing by StaticPagesController#root as HTML
  Rendering static_pages/root.html.erb within layouts/application
  Rendered static_pages/root.html.erb within layouts/application (1.3ms)
Completed 200 OK in 1080ms (Views: 1074.3ms | ActiveRecord: 0.0ms)


Started GET "/" for ::1 at 2020-07-27 15:42:49 -0400
Processing by StaticPagesController#root as HTML
  Rendering static_pages/root.html.erb within layouts/application
  Rendered static_pages/root.html.erb within layouts/application (0.3ms)
Completed 200 OK in 90ms (Views: 86.9ms | ActiveRecord: 0.0ms)


Started GET "/" for ::1 at 2020-07-27 15:44:28 -0400
Processing by StaticPagesController#root as HTML
  Rendering static_pages/root.html.erb within layouts/application
  Rendered static_pages/root.html.erb within layouts/application (0.3ms)
Completed 200 OK in 37ms (Views: 34.1ms | ActiveRecord: 0.0ms)


Started GET "/" for ::1 at 2020-07-27 15:46:45 -0400
Processing by StaticPagesController#root as HTML
  Rendering static_pages/root.html.erb within layouts/application
  Rendered static_pages/root.html.erb within layouts/application (0.4ms)
Completed 200 OK in 24ms (Views: 19.3ms | ActiveRecord: 0.0ms)


Started GET "/" for ::1 at 2020-07-27 15:49:43 -0400
Processing by StaticPagesController#root as HTML
  Rendering static_pages/root.html.erb within layouts/application
  Rendered static_pages/root.html.erb within layouts/application (1.7ms)
Completed 200 OK in 25ms (Views: 22.6ms | ActiveRecord: 0.0ms)


Started GET "/" for ::1 at 2020-07-27 15:58:30 -0400
Processing by StaticPagesController#root as HTML
  Rendering static_pages/root.html.erb within layouts/application
  Rendered static_pages/root.html.erb within layouts/application (0.3ms)
Completed 200 OK in 35ms (Views: 31.0ms | ActiveRecord: 0.0ms)


Started GET "/" for ::1 at 2020-07-27 16:07:10 -0400
  [1m[35m (0.9ms)[0m  [1m[34mSELECT "schema_migrations"."version" FROM "schema_migrations" ORDER BY "schema_migrations"."version" ASC[0m
  ↳ /Users/jin/.rbenv/versions/2.5.1/lib/ruby/gems/2.5.0/gems/activerecord-5.2.4.3/lib/active_record/log_subscriber.rb:98
Processing by StaticPagesController#root as HTML
  Rendering static_pages/root.html.erb within layouts/application
  Rendered static_pages/root.html.erb within layouts/application (1.6ms)
Completed 200 OK in 1287ms (Views: 1282.6ms | ActiveRecord: 0.0ms)


Started GET "/" for ::1 at 2020-07-27 16:09:45 -0400
  [1m[35m (0.8ms)[0m  [1m[34mSELECT "schema_migrations"."version" FROM "schema_migrations" ORDER BY "schema_migrations"."version" ASC[0m
  ↳ /Users/jin/.rbenv/versions/2.5.1/lib/ruby/gems/2.5.0/gems/activerecord-5.2.4.3/lib/active_record/log_subscriber.rb:98
Processing by StaticPagesController#root as HTML
  Rendering static_pages/root.html.erb within layouts/application
  Rendered static_pages/root.html.erb within layouts/application (2.8ms)
Completed 200 OK in 1114ms (Views: 1111.1ms | ActiveRecord: 0.0ms)


Started GET "/" for ::1 at 2020-07-27 16:10:30 -0400
Processing by StaticPagesController#root as HTML
  Rendering static_pages/root.html.erb within layouts/application
  Rendered static_pages/root.html.erb within layouts/application (0.4ms)
Completed 200 OK in 37ms (Views: 34.8ms | ActiveRecord: 0.0ms)


Started GET "/" for ::1 at 2020-07-27 16:10:57 -0400
Processing by StaticPagesController#root as HTML
  Rendering static_pages/root.html.erb within layouts/application
  Rendered static_pages/root.html.erb within layouts/application (0.3ms)
Completed 200 OK in 32ms (Views: 30.0ms | ActiveRecord: 0.0ms)


Started GET "/" for ::1 at 2020-07-27 16:13:34 -0400
Processing by StaticPagesController#root as HTML
  Rendering static_pages/root.html.erb within layouts/application
  Rendered static_pages/root.html.erb within layouts/application (1.6ms)
Completed 200 OK in 465ms (Views: 460.6ms | ActiveRecord: 0.0ms)


Started GET "/" for ::1 at 2020-07-27 16:14:02 -0400
Processing by StaticPagesController#root as HTML
  Rendering static_pages/root.html.erb within layouts/application
  Rendered static_pages/root.html.erb within layouts/application (0.4ms)
Completed 200 OK in 367ms (Views: 364.5ms | ActiveRecord: 0.0ms)


  [1m[36mUser Load (2.5ms)[0m  [1m[34mSELECT "users".* FROM "users"[0m
  [1m[35m (3.5ms)[0m  [1m[34mSELECT "schema_migrations"."version" FROM "schema_migrations" ORDER BY "schema_migrations"."version" ASC[0m
  ↳ /Users/jin/.rbenv/versions/2.5.1/bin/annotate:23
  [1m[36mUser Load (0.7ms)[0m  [1m[34mSELECT "users".* FROM "users"[0m
  [1m[35m (1.2ms)[0m  [1m[35mBEGIN[0m
  [1m[36mUser Exists (9.1ms)[0m  [1m[34mSELECT  1 AS one FROM "users" WHERE "users"."email" = $1 LIMIT $2[0m  [["email", "username"], ["LIMIT", 1]]
  [1m[35m (1.0ms)[0m  [1m[31mROLLBACK[0m
  [1m[35m (0.2ms)[0m  [1m[35mBEGIN[0m
  [1m[36mUser Exists (0.7ms)[0m  [1m[34mSELECT  1 AS one FROM "users" WHERE "users"."email" = $1 LIMIT $2[0m  [["email", "username"], ["LIMIT", 1]]
  [1m[35m (0.3ms)[0m  [1m[31mROLLBACK[0m
  [1m[35m (0.2ms)[0m  [1m[35mBEGIN[0m
  [1m[36mUser Exists (1.7ms)[0m  [1m[34mSELECT  1 AS one FROM "users" WHERE "users"."email" = $1 LIMIT $2[0m  [["email", "username"], ["LIMIT", 1]]
  [1m[35m (1.0ms)[0m  [1m[31mROLLBACK[0m
  [1m[35m (0.2ms)[0m  [1m[35mBEGIN[0m
  [1m[36mUser Exists (4.6ms)[0m  [1m[34mSELECT  1 AS one FROM "users" WHERE "users"."email" IS NULL LIMIT $1[0m  [["LIMIT", 1]]
  [1m[35m (0.2ms)[0m  [1m[31mROLLBACK[0m
  [1m[36mUser Load (0.7ms)[0m  [1m[34mSELECT "users".* FROM "users"[0m
  [1m[35m (0.2ms)[0m  [1m[35mBEGIN[0m
  [1m[36mUser Exists (2.6ms)[0m  [1m[34mSELECT  1 AS one FROM "users" WHERE "users"."email" = $1 LIMIT $2[0m  [["email", "username"], ["LIMIT", 1]]
  [1m[36mUser Exists (0.9ms)[0m  [1m[34mSELECT  1 AS one FROM "users" WHERE "users"."first_name" = $1 LIMIT $2[0m  [["first_name", "first_name"], ["LIMIT", 1]]
  [1m[36mUser Exists (0.3ms)[0m  [1m[34mSELECT  1 AS one FROM "users" WHERE "users"."last_name" = $1 LIMIT $2[0m  [["last_name", "last_name"], ["LIMIT", 1]]
  [1m[36mUser Exists (0.3ms)[0m  [1m[34mSELECT  1 AS one FROM "users" WHERE "users"."session_token" = $1 LIMIT $2[0m  [["session_token", "gLA5_g5JqMiNsGEXD7X0Lw"], ["LIMIT", 1]]
  [1m[36mUser Create (15.4ms)[0m  [1m[32mINSERT INTO "users" ("email", "first_name", "last_name", "balance", "password_digest", "session_token", "created_at", "updated_at") VALUES ($1, $2, $3, $4, $5, $6, $7, $8) RETURNING "id"[0m  [["email", "username"], ["first_name", "first_name"], ["last_name", "last_name"], ["balance", 0], ["password_digest", "$2a$12$M/M46YMfWlBdGMwMHy84Z.RXzjJlChDVQCBJFOzgwKKJ/V0I8.Iby"], ["session_token", "gLA5_g5JqMiNsGEXD7X0Lw"], ["created_at", "2020-07-28 15:21:49.875269"], ["updated_at", "2020-07-28 15:21:49.875269"]]
  [1m[35m (4.8ms)[0m  [1m[35mCOMMIT[0m
  [1m[36mUser Load (1.0ms)[0m  [1m[34mSELECT "users".* FROM "users"[0m
  [1m[36mUser Load (0.8ms)[0m  [1m[34mSELECT "users".* FROM "users"[0m
Started GET "/" for ::1 at 2020-07-28 11:38:58 -0400
  [1m[35m (1.3ms)[0m  [1m[34mSELECT "schema_migrations"."version" FROM "schema_migrations" ORDER BY "schema_migrations"."version" ASC[0m
  ↳ /Users/jin/.rbenv/versions/2.5.1/lib/ruby/gems/2.5.0/gems/activerecord-5.2.4.3/lib/active_record/log_subscriber.rb:98
Processing by StaticPagesController#root as HTML
  Rendering static_pages/root.html.erb within layouts/application
  Rendered static_pages/root.html.erb within layouts/application (2.1ms)
Completed 200 OK in 2459ms (Views: 2456.3ms | ActiveRecord: 0.0ms)


Started POST "/api/users" for ::1 at 2020-07-28 11:39:54 -0400
  
ActionController::RoutingError (No route matches [POST] "/api/users"):
  
actionpack (5.2.4.3) lib/action_dispatch/middleware/debug_exceptions.rb:65:in `call'
web-console (3.7.0) lib/web_console/middleware.rb:135:in `call_app'
web-console (3.7.0) lib/web_console/middleware.rb:30:in `block in call'
web-console (3.7.0) lib/web_console/middleware.rb:20:in `catch'
web-console (3.7.0) lib/web_console/middleware.rb:20:in `call'
actionpack (5.2.4.3) lib/action_dispatch/middleware/show_exceptions.rb:33:in `call'
railties (5.2.4.3) lib/rails/rack/logger.rb:38:in `call_app'
railties (5.2.4.3) lib/rails/rack/logger.rb:26:in `block in call'
activesupport (5.2.4.3) lib/active_support/tagged_logging.rb:71:in `block in tagged'
activesupport (5.2.4.3) lib/active_support/tagged_logging.rb:28:in `tagged'
activesupport (5.2.4.3) lib/active_support/tagged_logging.rb:71:in `tagged'
railties (5.2.4.3) lib/rails/rack/logger.rb:26:in `call'
sprockets-rails (3.2.1) lib/sprockets/rails/quiet_assets.rb:13:in `call'
actionpack (5.2.4.3) lib/action_dispatch/middleware/remote_ip.rb:81:in `call'
actionpack (5.2.4.3) lib/action_dispatch/middleware/request_id.rb:27:in `call'
rack (2.2.3) lib/rack/method_override.rb:24:in `call'
rack (2.2.3) lib/rack/runtime.rb:22:in `call'
activesupport (5.2.4.3) lib/active_support/cache/strategy/local_cache_middleware.rb:29:in `call'
actionpack (5.2.4.3) lib/action_dispatch/middleware/executor.rb:14:in `call'
actionpack (5.2.4.3) lib/action_dispatch/middleware/static.rb:127:in `call'
rack (2.2.3) lib/rack/sendfile.rb:110:in `call'
railties (5.2.4.3) lib/rails/engine.rb:524:in `call'
puma (3.12.6) lib/puma/configuration.rb:227:in `call'
puma (3.12.6) lib/puma/server.rb:706:in `handle_request'
puma (3.12.6) lib/puma/server.rb:476:in `process_client'
puma (3.12.6) lib/puma/server.rb:334:in `block in run'
puma (3.12.6) lib/puma/thread_pool.rb:135:in `block in spawn_thread'
Started POST "/api/user" for ::1 at 2020-07-28 11:41:11 -0400

ActionController::RoutingError - uninitialized constant Api::UsersController:

Started GET "/" for ::1 at 2020-07-28 11:45:14 -0400
Processing by StaticPagesController#root as */*
  Rendering static_pages/root.html.erb within layouts/application
  Rendered static_pages/root.html.erb within layouts/application (1.0ms)
Completed 200 OK in 600ms (Views: 498.1ms | ActiveRecord: 0.0ms)


Started GET "/" for ::1 at 2020-07-28 11:45:33 -0400
Processing by StaticPagesController#root as */*
  Rendering static_pages/root.html.erb within layouts/application
  Rendered static_pages/root.html.erb within layouts/application (0.8ms)
Completed 200 OK in 191ms (Views: 136.4ms | ActiveRecord: 0.0ms)


Started GET "/" for ::1 at 2020-07-28 11:45:58 -0400
Processing by StaticPagesController#root as */*
  Rendering static_pages/root.html.erb within layouts/application
  Rendered static_pages/root.html.erb within layouts/application (1.1ms)
Completed 200 OK in 114ms (Views: 81.2ms | ActiveRecord: 0.0ms)


Started GET "/" for ::1 at 2020-07-28 11:46:10 -0400
Processing by StaticPagesController#root as */*
  Rendering static_pages/root.html.erb within layouts/application
  Rendered static_pages/root.html.erb within layouts/application (0.7ms)
Completed 200 OK in 212ms (Views: 114.3ms | ActiveRecord: 0.0ms)


Started GET "/" for ::1 at 2020-07-28 11:46:31 -0400
Processing by StaticPagesController#root as */*
  Rendering static_pages/root.html.erb within layouts/application
  Rendered static_pages/root.html.erb within layouts/application (0.4ms)
Completed 200 OK in 178ms (Views: 125.3ms | ActiveRecord: 0.0ms)


Started GET "/" for ::1 at 2020-07-28 11:47:00 -0400
Processing by StaticPagesController#root as HTML
  Rendering static_pages/root.html.erb within layouts/application
  Rendered static_pages/root.html.erb within layouts/application (0.4ms)
Completed 200 OK in 79ms (Views: 76.6ms | ActiveRecord: 0.0ms)


Started GET "/api/user?user%5Busername%5D=username&user%5Bpassword%5D=[FILTERED]" for ::1 at 2020-07-28 11:47:17 -0400
  
ActionController::RoutingError (No route matches [GET] "/api/user"):
  
actionpack (5.2.4.3) lib/action_dispatch/middleware/debug_exceptions.rb:65:in `call'
web-console (3.7.0) lib/web_console/middleware.rb:135:in `call_app'
web-console (3.7.0) lib/web_console/middleware.rb:30:in `block in call'
web-console (3.7.0) lib/web_console/middleware.rb:20:in `catch'
web-console (3.7.0) lib/web_console/middleware.rb:20:in `call'
actionpack (5.2.4.3) lib/action_dispatch/middleware/show_exceptions.rb:33:in `call'
railties (5.2.4.3) lib/rails/rack/logger.rb:38:in `call_app'
railties (5.2.4.3) lib/rails/rack/logger.rb:26:in `block in call'
activesupport (5.2.4.3) lib/active_support/tagged_logging.rb:71:in `block in tagged'
activesupport (5.2.4.3) lib/active_support/tagged_logging.rb:28:in `tagged'
activesupport (5.2.4.3) lib/active_support/tagged_logging.rb:71:in `tagged'
railties (5.2.4.3) lib/rails/rack/logger.rb:26:in `call'
sprockets-rails (3.2.1) lib/sprockets/rails/quiet_assets.rb:13:in `call'
actionpack (5.2.4.3) lib/action_dispatch/middleware/remote_ip.rb:81:in `call'
actionpack (5.2.4.3) lib/action_dispatch/middleware/request_id.rb:27:in `call'
rack (2.2.3) lib/rack/method_override.rb:24:in `call'
rack (2.2.3) lib/rack/runtime.rb:22:in `call'
activesupport (5.2.4.3) lib/active_support/cache/strategy/local_cache_middleware.rb:29:in `call'
actionpack (5.2.4.3) lib/action_dispatch/middleware/executor.rb:14:in `call'
actionpack (5.2.4.3) lib/action_dispatch/middleware/static.rb:127:in `call'
rack (2.2.3) lib/rack/sendfile.rb:110:in `call'
railties (5.2.4.3) lib/rails/engine.rb:524:in `call'
puma (3.12.6) lib/puma/configuration.rb:227:in `call'
puma (3.12.6) lib/puma/server.rb:706:in `handle_request'
puma (3.12.6) lib/puma/server.rb:476:in `process_client'
puma (3.12.6) lib/puma/server.rb:334:in `block in run'
puma (3.12.6) lib/puma/thread_pool.rb:135:in `block in spawn_thread'
Started GET "/" for ::1 at 2020-07-28 11:52:13 -0400
Processing by StaticPagesController#root as HTML
  Rendering static_pages/root.html.erb within layouts/application
  Rendered static_pages/root.html.erb within layouts/application (0.4ms)
Completed 200 OK in 132ms (Views: 129.0ms | ActiveRecord: 0.0ms)


Started GET "/api/user?user%5Busername%5D=username&user%5Bpassword%5D=[FILTERED]" for ::1 at 2020-07-28 11:52:22 -0400
  
ActionController::RoutingError (No route matches [GET] "/api/user"):
  
actionpack (5.2.4.3) lib/action_dispatch/middleware/debug_exceptions.rb:65:in `call'
web-console (3.7.0) lib/web_console/middleware.rb:135:in `call_app'
web-console (3.7.0) lib/web_console/middleware.rb:30:in `block in call'
web-console (3.7.0) lib/web_console/middleware.rb:20:in `catch'
web-console (3.7.0) lib/web_console/middleware.rb:20:in `call'
actionpack (5.2.4.3) lib/action_dispatch/middleware/show_exceptions.rb:33:in `call'
railties (5.2.4.3) lib/rails/rack/logger.rb:38:in `call_app'
railties (5.2.4.3) lib/rails/rack/logger.rb:26:in `block in call'
activesupport (5.2.4.3) lib/active_support/tagged_logging.rb:71:in `block in tagged'
activesupport (5.2.4.3) lib/active_support/tagged_logging.rb:28:in `tagged'
activesupport (5.2.4.3) lib/active_support/tagged_logging.rb:71:in `tagged'
railties (5.2.4.3) lib/rails/rack/logger.rb:26:in `call'
sprockets-rails (3.2.1) lib/sprockets/rails/quiet_assets.rb:13:in `call'
actionpack (5.2.4.3) lib/action_dispatch/middleware/remote_ip.rb:81:in `call'
actionpack (5.2.4.3) lib/action_dispatch/middleware/request_id.rb:27:in `call'
rack (2.2.3) lib/rack/method_override.rb:24:in `call'
rack (2.2.3) lib/rack/runtime.rb:22:in `call'
activesupport (5.2.4.3) lib/active_support/cache/strategy/local_cache_middleware.rb:29:in `call'
actionpack (5.2.4.3) lib/action_dispatch/middleware/executor.rb:14:in `call'
actionpack (5.2.4.3) lib/action_dispatch/middleware/static.rb:127:in `call'
rack (2.2.3) lib/rack/sendfile.rb:110:in `call'
railties (5.2.4.3) lib/rails/engine.rb:524:in `call'
puma (3.12.6) lib/puma/configuration.rb:227:in `call'
puma (3.12.6) lib/puma/server.rb:706:in `handle_request'
puma (3.12.6) lib/puma/server.rb:476:in `process_client'
puma (3.12.6) lib/puma/server.rb:334:in `block in run'
puma (3.12.6) lib/puma/thread_pool.rb:135:in `block in spawn_thread'
Started GET "/" for ::1 at 2020-07-28 11:52:28 -0400
Processing by StaticPagesController#root as HTML
  Rendering static_pages/root.html.erb within layouts/application
  Rendered static_pages/root.html.erb within layouts/application (0.3ms)
Completed 200 OK in 38ms (Views: 35.2ms | ActiveRecord: 0.0ms)


Started GET "/api/user?user%5Busername%5D=username&user%5Bpassword%5D=[FILTERED]" for ::1 at 2020-07-28 11:52:32 -0400
  
ActionController::RoutingError (No route matches [GET] "/api/user"):
  
actionpack (5.2.4.3) lib/action_dispatch/middleware/debug_exceptions.rb:65:in `call'
web-console (3.7.0) lib/web_console/middleware.rb:135:in `call_app'
web-console (3.7.0) lib/web_console/middleware.rb:30:in `block in call'
web-console (3.7.0) lib/web_console/middleware.rb:20:in `catch'
web-console (3.7.0) lib/web_console/middleware.rb:20:in `call'
actionpack (5.2.4.3) lib/action_dispatch/middleware/show_exceptions.rb:33:in `call'
railties (5.2.4.3) lib/rails/rack/logger.rb:38:in `call_app'
railties (5.2.4.3) lib/rails/rack/logger.rb:26:in `block in call'
activesupport (5.2.4.3) lib/active_support/tagged_logging.rb:71:in `block in tagged'
activesupport (5.2.4.3) lib/active_support/tagged_logging.rb:28:in `tagged'
activesupport (5.2.4.3) lib/active_support/tagged_logging.rb:71:in `tagged'
railties (5.2.4.3) lib/rails/rack/logger.rb:26:in `call'
sprockets-rails (3.2.1) lib/sprockets/rails/quiet_assets.rb:13:in `call'
actionpack (5.2.4.3) lib/action_dispatch/middleware/remote_ip.rb:81:in `call'
actionpack (5.2.4.3) lib/action_dispatch/middleware/request_id.rb:27:in `call'
rack (2.2.3) lib/rack/method_override.rb:24:in `call'
rack (2.2.3) lib/rack/runtime.rb:22:in `call'
activesupport (5.2.4.3) lib/active_support/cache/strategy/local_cache_middleware.rb:29:in `call'
actionpack (5.2.4.3) lib/action_dispatch/middleware/executor.rb:14:in `call'
actionpack (5.2.4.3) lib/action_dispatch/middleware/static.rb:127:in `call'
rack (2.2.3) lib/rack/sendfile.rb:110:in `call'
railties (5.2.4.3) lib/rails/engine.rb:524:in `call'
puma (3.12.6) lib/puma/configuration.rb:227:in `call'
puma (3.12.6) lib/puma/server.rb:706:in `handle_request'
puma (3.12.6) lib/puma/server.rb:476:in `process_client'
puma (3.12.6) lib/puma/server.rb:334:in `block in run'
puma (3.12.6) lib/puma/thread_pool.rb:135:in `block in spawn_thread'
Started GET "/" for ::1 at 2020-07-28 11:53:07 -0400
Processing by StaticPagesController#root as HTML
  Rendering static_pages/root.html.erb within layouts/application
  Rendered static_pages/root.html.erb within layouts/application (0.3ms)
Completed 200 OK in 38ms (Views: 34.5ms | ActiveRecord: 0.0ms)


Started GET "/api/user?user%5Busername%5D=username&user%5Bpassword%5D=[FILTERED]" for ::1 at 2020-07-28 11:53:12 -0400
  
ActionController::RoutingError (No route matches [GET] "/api/user"):
  
actionpack (5.2.4.3) lib/action_dispatch/middleware/debug_exceptions.rb:65:in `call'
web-console (3.7.0) lib/web_console/middleware.rb:135:in `call_app'
web-console (3.7.0) lib/web_console/middleware.rb:30:in `block in call'
web-console (3.7.0) lib/web_console/middleware.rb:20:in `catch'
web-console (3.7.0) lib/web_console/middleware.rb:20:in `call'
actionpack (5.2.4.3) lib/action_dispatch/middleware/show_exceptions.rb:33:in `call'
railties (5.2.4.3) lib/rails/rack/logger.rb:38:in `call_app'
railties (5.2.4.3) lib/rails/rack/logger.rb:26:in `block in call'
activesupport (5.2.4.3) lib/active_support/tagged_logging.rb:71:in `block in tagged'
activesupport (5.2.4.3) lib/active_support/tagged_logging.rb:28:in `tagged'
activesupport (5.2.4.3) lib/active_support/tagged_logging.rb:71:in `tagged'
railties (5.2.4.3) lib/rails/rack/logger.rb:26:in `call'
sprockets-rails (3.2.1) lib/sprockets/rails/quiet_assets.rb:13:in `call'
actionpack (5.2.4.3) lib/action_dispatch/middleware/remote_ip.rb:81:in `call'
actionpack (5.2.4.3) lib/action_dispatch/middleware/request_id.rb:27:in `call'
rack (2.2.3) lib/rack/method_override.rb:24:in `call'
rack (2.2.3) lib/rack/runtime.rb:22:in `call'
activesupport (5.2.4.3) lib/active_support/cache/strategy/local_cache_middleware.rb:29:in `call'
actionpack (5.2.4.3) lib/action_dispatch/middleware/executor.rb:14:in `call'
actionpack (5.2.4.3) lib/action_dispatch/middleware/static.rb:127:in `call'
rack (2.2.3) lib/rack/sendfile.rb:110:in `call'
railties (5.2.4.3) lib/rails/engine.rb:524:in `call'
puma (3.12.6) lib/puma/configuration.rb:227:in `call'
puma (3.12.6) lib/puma/server.rb:706:in `handle_request'
puma (3.12.6) lib/puma/server.rb:476:in `process_client'
puma (3.12.6) lib/puma/server.rb:334:in `block in run'
puma (3.12.6) lib/puma/thread_pool.rb:135:in `block in spawn_thread'
Started GET "/api/session?user%5Busername%5D=username&user%5Bpassword%5D=[FILTERED]" for ::1 at 2020-07-28 11:54:46 -0400

LoadError - Unable to autoload constant Api::SessionsController, expected /Users/jin/Desktop/AA - Online/Investi/app/controllers/api/sessions_controller.rb to define it:

Started GET "/" for ::1 at 2020-07-28 11:55:35 -0400
Processing by StaticPagesController#root as HTML
  Rendering static_pages/root.html.erb within layouts/application
  Rendered static_pages/root.html.erb within layouts/application (0.6ms)
Completed 200 OK in 56ms (Views: 51.9ms | ActiveRecord: 0.0ms)


Started GET "/api/session?user%5Busername%5D=username&user%5Bpassword%5D=[FILTERED]" for ::1 at 2020-07-28 11:55:55 -0400

LoadError - Unable to autoload constant Api::SessionsController, expected /Users/jin/Desktop/AA - Online/Investi/app/controllers/api/sessions_controller.rb to define it:

Started GET "/" for ::1 at 2020-07-28 11:57:02 -0400
Processing by StaticPagesController#root as HTML
  Rendering static_pages/root.html.erb within layouts/application
  Rendered static_pages/root.html.erb within layouts/application (0.5ms)
Completed 200 OK in 58ms (Views: 55.7ms | ActiveRecord: 0.0ms)


Started GET "/api/session?user%5Busername%5D=username&user%5Bpassword%5D=[FILTERED]" for ::1 at 2020-07-28 11:57:06 -0400

TypeError - superclass mismatch for class SessionsController:
  app/controllers/api/sessions_controller.rb:1:in `<top (required)>'

Started GET "/" for ::1 at 2020-07-28 11:58:00 -0400
Processing by StaticPagesController#root as HTML
  Rendering static_pages/root.html.erb within layouts/application
  Rendered static_pages/root.html.erb within layouts/application (1.2ms)
Completed 200 OK in 51ms (Views: 41.4ms | ActiveRecord: 0.0ms)


Started GET "/api/session?user%5Busername%5D=username&user%5Bpassword%5D=[FILTERED]" for ::1 at 2020-07-28 11:58:04 -0400

AbstractController::ActionNotFound - The action 'show' could not be found for Api::SessionsController:

Started GET "/" for ::1 at 2020-07-28 11:59:48 -0400
Processing by StaticPagesController#root as HTML
  Rendering static_pages/root.html.erb within layouts/application
  Rendered static_pages/root.html.erb within layouts/application (0.4ms)
Completed 200 OK in 55ms (Views: 43.7ms | ActiveRecord: 0.0ms)


Started GET "/api/session?user%5Busername%5D=username&user%5Bpassword%5D=[FILTERED]" for ::1 at 2020-07-28 11:59:51 -0400

AbstractController::ActionNotFound - The action 'show' could not be found for Api::SessionsController:

Started GET "/api/session?user%5Bemail%5D=username&user%5Bpassword%5D=[FILTERED]" for ::1 at 2020-07-28 12:02:22 -0400

AbstractController::ActionNotFound - The action 'show' could not be found for Api::SessionsController:

Started GET "/" for ::1 at 2020-07-28 12:05:11 -0400
Processing by StaticPagesController#root as HTML
  Rendering static_pages/root.html.erb within layouts/application
  Rendered static_pages/root.html.erb within layouts/application (1.0ms)
Completed 200 OK in 71ms (Views: 60.4ms | ActiveRecord: 0.0ms)


Started GET "/api/session?user%5Bemail%5D=username&user%5Bpassword%5D=[FILTERED]" for ::1 at 2020-07-28 12:05:18 -0400

AbstractController::ActionNotFound - The action 'show' could not be found for Api::SessionsController:

Started GET "/" for ::1 at 2020-07-28 12:07:13 -0400
Processing by StaticPagesController#root as HTML
  Rendering static_pages/root.html.erb within layouts/application
  Rendered static_pages/root.html.erb within layouts/application (0.7ms)
Completed 200 OK in 70ms (Views: 63.7ms | ActiveRecord: 0.0ms)


Started GET "/api/session?user%5Bemail%5D=username&user%5Bpassword%5D=[FILTERED]" for ::1 at 2020-07-28 12:07:15 -0400

AbstractController::ActionNotFound - The action 'show' could not be found for Api::SessionsController:

Started GET "/" for ::1 at 2020-07-28 12:19:07 -0400
  [1m[35m (1.3ms)[0m  [1m[34mSELECT "schema_migrations"."version" FROM "schema_migrations" ORDER BY "schema_migrations"."version" ASC[0m
  ↳ /Users/jin/.rbenv/versions/2.5.1/lib/ruby/gems/2.5.0/gems/activerecord-5.2.4.3/lib/active_record/log_subscriber.rb:98
Processing by StaticPagesController#root as HTML
  Rendering static_pages/root.html.erb within layouts/application
  Rendered static_pages/root.html.erb within layouts/application (1.7ms)
Completed 200 OK in 1646ms (Views: 1643.6ms | ActiveRecord: 0.0ms)


Started GET "/api/session?user%5Bemail%5D=username&user%5Bpassword%5D=[FILTERED]" for ::1 at 2020-07-28 12:19:16 -0400
  
ActionController::RoutingError (No route matches [GET] "/api/session"):
  
actionpack (5.2.4.3) lib/action_dispatch/middleware/debug_exceptions.rb:65:in `call'
web-console (3.7.0) lib/web_console/middleware.rb:135:in `call_app'
web-console (3.7.0) lib/web_console/middleware.rb:30:in `block in call'
web-console (3.7.0) lib/web_console/middleware.rb:20:in `catch'
web-console (3.7.0) lib/web_console/middleware.rb:20:in `call'
actionpack (5.2.4.3) lib/action_dispatch/middleware/show_exceptions.rb:33:in `call'
railties (5.2.4.3) lib/rails/rack/logger.rb:38:in `call_app'
railties (5.2.4.3) lib/rails/rack/logger.rb:26:in `block in call'
activesupport (5.2.4.3) lib/active_support/tagged_logging.rb:71:in `block in tagged'
activesupport (5.2.4.3) lib/active_support/tagged_logging.rb:28:in `tagged'
activesupport (5.2.4.3) lib/active_support/tagged_logging.rb:71:in `tagged'
railties (5.2.4.3) lib/rails/rack/logger.rb:26:in `call'
sprockets-rails (3.2.1) lib/sprockets/rails/quiet_assets.rb:13:in `call'
actionpack (5.2.4.3) lib/action_dispatch/middleware/remote_ip.rb:81:in `call'
actionpack (5.2.4.3) lib/action_dispatch/middleware/request_id.rb:27:in `call'
rack (2.2.3) lib/rack/method_override.rb:24:in `call'
rack (2.2.3) lib/rack/runtime.rb:22:in `call'
activesupport (5.2.4.3) lib/active_support/cache/strategy/local_cache_middleware.rb:29:in `call'
actionpack (5.2.4.3) lib/action_dispatch/middleware/executor.rb:14:in `call'
actionpack (5.2.4.3) lib/action_dispatch/middleware/static.rb:127:in `call'
rack (2.2.3) lib/rack/sendfile.rb:110:in `call'
railties (5.2.4.3) lib/rails/engine.rb:524:in `call'
puma (3.12.6) lib/puma/configuration.rb:227:in `call'
puma (3.12.6) lib/puma/server.rb:706:in `handle_request'
puma (3.12.6) lib/puma/server.rb:476:in `process_client'
puma (3.12.6) lib/puma/server.rb:334:in `block in run'
puma (3.12.6) lib/puma/thread_pool.rb:135:in `block in spawn_thread'
Started GET "/" for ::1 at 2020-07-28 12:24:36 -0400
  [1m[35m (1.2ms)[0m  [1m[34mSELECT "schema_migrations"."version" FROM "schema_migrations" ORDER BY "schema_migrations"."version" ASC[0m
  ↳ /Users/jin/.rbenv/versions/2.5.1/lib/ruby/gems/2.5.0/gems/activerecord-5.2.4.3/lib/active_record/log_subscriber.rb:98
Processing by StaticPagesController#root as HTML
  Rendering static_pages/root.html.erb within layouts/application
  Rendered static_pages/root.html.erb within layouts/application (1.3ms)
Completed 200 OK in 1280ms (Views: 1277.6ms | ActiveRecord: 0.0ms)


Started POST "/api/session" for ::1 at 2020-07-28 12:25:08 -0400
Processing by Api::SessionsController#create as JSON
  Parameters: {"user"=>{"email"=>"username", "password"=>"[FILTERED]"}}
  [1m[36mUser Load (2.6ms)[0m  [1m[34mSELECT  "users".* FROM "users" WHERE "users"."email" = $1 LIMIT $2[0m  [["email", "username"], ["LIMIT", 1]]
  ↳ app/models/user.rb:44
Completed 500 Internal Server Error in 314ms (ActiveRecord: 14.1ms)



NoMethodError - undefined method `login' for #<Api::SessionsController:0x00007fcb4c475300>
Did you mean?  login!:
  app/controllers/api/sessions_controller.rb:9:in `create'

Started GET "/" for ::1 at 2020-07-28 12:26:01 -0400
Processing by StaticPagesController#root as HTML
  Rendering static_pages/root.html.erb within layouts/application
  Rendered static_pages/root.html.erb within layouts/application (0.4ms)
Completed 200 OK in 30ms (Views: 28.0ms | ActiveRecord: 0.0ms)


Started POST "/api/session" for ::1 at 2020-07-28 12:26:05 -0400
Processing by Api::SessionsController#create as JSON
  Parameters: {"user"=>{"email"=>"username", "password"=>"[FILTERED]"}}
  [1m[36mUser Load (0.4ms)[0m  [1m[34mSELECT  "users".* FROM "users" WHERE "users"."email" = $1 LIMIT $2[0m  [["email", "username"], ["LIMIT", 1]]
  ↳ app/models/user.rb:44
  [1m[35m (0.2ms)[0m  [1m[35mBEGIN[0m
  ↳ app/models/user.rb:33
  [1m[36mUser Exists (2.3ms)[0m  [1m[34mSELECT  1 AS one FROM "users" WHERE "users"."email" = $1 AND "users"."id" != $2 LIMIT $3[0m  [["email", "username"], ["id", 1], ["LIMIT", 1]]
  ↳ app/models/user.rb:33
  [1m[36mUser Exists (0.4ms)[0m  [1m[34mSELECT  1 AS one FROM "users" WHERE "users"."session_token" = $1 AND "users"."id" != $2 LIMIT $3[0m  [["session_token", "-wx0jSpqKlQhefgQ2NGTEA"], ["id", 1], ["LIMIT", 1]]
  ↳ app/models/user.rb:33
  [1m[36mUser Update (4.9ms)[0m  [1m[33mUPDATE "users" SET "session_token" = $1, "updated_at" = $2 WHERE "users"."id" = $3[0m  [["session_token", "-wx0jSpqKlQhefgQ2NGTEA"], ["updated_at", "2020-07-28 16:26:05.440191"], ["id", 1]]
  ↳ app/models/user.rb:33
  [1m[35m (1.6ms)[0m  [1m[35mCOMMIT[0m
  ↳ app/models/user.rb:33
  Rendering api/users/show.json.jbuilder
  Rendered api/users/_user.json.jbuilder (0.4ms)
  Rendered api/users/show.json.jbuilder (2.6ms)
Completed 200 OK in 260ms (Views: 10.6ms | ActiveRecord: 18.4ms)


Started POST "/api/session" for ::1 at 2020-07-28 13:21:07 -0400
Processing by Api::SessionsController#create as JSON
  Parameters: {"user"=>{"email"=>"username", "password"=>"[FILTERED]"}}
  [1m[36mUser Load (1.8ms)[0m  [1m[34mSELECT  "users".* FROM "users" WHERE "users"."email" = $1 LIMIT $2[0m  [["email", "username"], ["LIMIT", 1]]
  ↳ app/models/user.rb:44
Completed 401 Unauthorized in 226ms (Views: 0.2ms | ActiveRecord: 3.1ms)


Started POST "/api/users" for ::1 at 2020-07-28 13:27:31 -0400

ActionController::RoutingError - uninitialized constant Api::UsersController:

Started GET "/" for ::1 at 2020-07-28 13:27:48 -0400
Processing by StaticPagesController#root as HTML
  Rendering static_pages/root.html.erb within layouts/application
  Rendered static_pages/root.html.erb within layouts/application (0.4ms)
Completed 200 OK in 47ms (Views: 42.4ms | ActiveRecord: 0.0ms)


Started POST "/api/users" for ::1 at 2020-07-28 13:27:52 -0400

ActionController::RoutingError - uninitialized constant Api::UsersController:

Started GET "/" for ::1 at 2020-07-28 13:36:12 -0400
Processing by StaticPagesController#root as HTML
  Rendering static_pages/root.html.erb within layouts/application
  Rendered static_pages/root.html.erb within layouts/application (0.3ms)
Completed 200 OK in 308ms (Views: 305.0ms | ActiveRecord: 0.0ms)


Started POST "/api/session" for ::1 at 2020-07-28 13:36:54 -0400
Processing by Api::SessionsController#create as JSON
  Parameters: {"user"=>{"email"=>"username", "password"=>"[FILTERED]"}}
  [1m[36mUser Load (0.9ms)[0m  [1m[34mSELECT  "users".* FROM "users" WHERE "users"."email" = $1 LIMIT $2[0m  [["email", "username"], ["LIMIT", 1]]
  ↳ app/models/user.rb:44
  [1m[35m (0.2ms)[0m  [1m[35mBEGIN[0m
  ↳ app/models/user.rb:33
  [1m[36mUser Exists (0.6ms)[0m  [1m[34mSELECT  1 AS one FROM "users" WHERE "users"."email" = $1 AND "users"."id" != $2 LIMIT $3[0m  [["email", "username"], ["id", 1], ["LIMIT", 1]]
  ↳ app/models/user.rb:33
  [1m[36mUser Exists (0.3ms)[0m  [1m[34mSELECT  1 AS one FROM "users" WHERE "users"."session_token" = $1 AND "users"."id" != $2 LIMIT $3[0m  [["session_token", "9nCe-FbNXHR7JFzFw1rspA"], ["id", 1], ["LIMIT", 1]]
  ↳ app/models/user.rb:33
  [1m[36mUser Update (0.5ms)[0m  [1m[33mUPDATE "users" SET "session_token" = $1, "updated_at" = $2 WHERE "users"."id" = $3[0m  [["session_token", "9nCe-FbNXHR7JFzFw1rspA"], ["updated_at", "2020-07-28 17:36:54.783581"], ["id", 1]]
  ↳ app/models/user.rb:33
  [1m[35m (2.5ms)[0m  [1m[35mCOMMIT[0m
  ↳ app/models/user.rb:33
  Rendering api/users/show.json.jbuilder
  Rendered api/users/_user.json.jbuilder (0.4ms)
  Rendered api/users/show.json.jbuilder (2.2ms)
Completed 200 OK in 303ms (Views: 18.2ms | ActiveRecord: 26.5ms)


Started POST "/api/session" for ::1 at 2020-07-28 13:37:09 -0400
Processing by Api::SessionsController#create as JSON
  Parameters: {"user"=>{"email"=>"username", "password"=>"[FILTERED]"}}
  [1m[36mUser Load (0.4ms)[0m  [1m[34mSELECT  "users".* FROM "users" WHERE "users"."email" = $1 LIMIT $2[0m  [["email", "username"], ["LIMIT", 1]]
  ↳ app/models/user.rb:44
Completed 401 Unauthorized in 260ms (Views: 0.2ms | ActiveRecord: 0.4ms)


Started GET "/" for ::1 at 2020-07-28 14:00:01 -0400
Processing by StaticPagesController#root as HTML
  Rendering static_pages/root.html.erb within layouts/application
  Rendered static_pages/root.html.erb within layouts/application (0.4ms)
Completed 200 OK in 48ms (Views: 46.2ms | ActiveRecord: 0.0ms)


Started POST "/api/users" for ::1 at 2020-07-28 14:00:09 -0400
Processing by Api::UsersController#create as JSON
  Parameters: {"user"=>{"email"=>"username1", "password"=>"[FILTERED]"}}
Unpermitted parameter: :email
  [1m[35m (0.1ms)[0m  [1m[35mBEGIN[0m
  ↳ app/controllers/api/users_controller.rb:6
  [1m[36mUser Exists (0.8ms)[0m  [1m[34mSELECT  1 AS one FROM "users" WHERE "users"."email" IS NULL LIMIT $1[0m  [["LIMIT", 1]]
  ↳ app/controllers/api/users_controller.rb:6
  [1m[36mUser Exists (0.6ms)[0m  [1m[34mSELECT  1 AS one FROM "users" WHERE "users"."session_token" = $1 LIMIT $2[0m  [["session_token", "0UTssR6lG4wf9C2yxQwDYA"], ["LIMIT", 1]]
  ↳ app/controllers/api/users_controller.rb:6
  [1m[35m (0.2ms)[0m  [1m[31mROLLBACK[0m
  ↳ app/controllers/api/users_controller.rb:6
Completed 422 Unprocessable Entity in 298ms (Views: 0.3ms | ActiveRecord: 20.1ms)


Started POST "/api/users" for ::1 at 2020-07-28 14:03:10 -0400
Processing by Api::UsersController#create as JSON
  Parameters: {"user"=>{"email"=>"username1", "first_name"=>"bob", "last_name"=>"bobby", "balance"=>"10"}}
Unpermitted parameters: :email, :first_name, :last_name, :balance
  [1m[35m (0.1ms)[0m  [1m[35mBEGIN[0m
  ↳ app/controllers/api/users_controller.rb:6
  [1m[36mUser Exists (0.4ms)[0m  [1m[34mSELECT  1 AS one FROM "users" WHERE "users"."email" IS NULL LIMIT $1[0m  [["LIMIT", 1]]
  ↳ app/controllers/api/users_controller.rb:6
  [1m[36mUser Exists (0.5ms)[0m  [1m[34mSELECT  1 AS one FROM "users" WHERE "users"."session_token" = $1 LIMIT $2[0m  [["session_token", "HLsVlmh4GuA-0uPConaBIg"], ["LIMIT", 1]]
  ↳ app/controllers/api/users_controller.rb:6
  [1m[35m (0.3ms)[0m  [1m[31mROLLBACK[0m
  ↳ app/controllers/api/users_controller.rb:6
Completed 422 Unprocessable Entity in 10ms (Views: 0.1ms | ActiveRecord: 1.2ms)


Started POST "/api/users" for ::1 at 2020-07-28 14:03:42 -0400
Processing by Api::UsersController#create as JSON
  Parameters: {"user"=>{"email"=>"username1", "first_name"=>"bob", "last_name"=>"bobby", "balance"=>"10", "password"=>"[FILTERED]"}}
Unpermitted parameters: :email, :first_name, :last_name, :balance
  [1m[35m (0.1ms)[0m  [1m[35mBEGIN[0m
  ↳ app/controllers/api/users_controller.rb:6
  [1m[36mUser Exists (0.3ms)[0m  [1m[34mSELECT  1 AS one FROM "users" WHERE "users"."email" IS NULL LIMIT $1[0m  [["LIMIT", 1]]
  ↳ app/controllers/api/users_controller.rb:6
  [1m[36mUser Exists (0.3ms)[0m  [1m[34mSELECT  1 AS one FROM "users" WHERE "users"."session_token" = $1 LIMIT $2[0m  [["session_token", "ZZdD-AHV0Mygol_3ZbPH8w"], ["LIMIT", 1]]
  ↳ app/controllers/api/users_controller.rb:6
  [1m[35m (0.1ms)[0m  [1m[31mROLLBACK[0m
  ↳ app/controllers/api/users_controller.rb:6
Completed 422 Unprocessable Entity in 242ms (Views: 0.1ms | ActiveRecord: 0.9ms)


Started POST "/api/users" for ::1 at 2020-07-28 14:03:54 -0400
Processing by Api::UsersController#create as JSON
  Parameters: {"user"=>{"email"=>"username1", "first_name"=>"bob", "last_name"=>"bobby", "balance"=>"10", "password"=>"[FILTERED]"}}
Unpermitted parameters: :email, :first_name, :last_name, :balance
  [1m[35m (0.1ms)[0m  [1m[35mBEGIN[0m
  ↳ app/controllers/api/users_controller.rb:6
  [1m[36mUser Exists (0.3ms)[0m  [1m[34mSELECT  1 AS one FROM "users" WHERE "users"."email" IS NULL LIMIT $1[0m  [["LIMIT", 1]]
  ↳ app/controllers/api/users_controller.rb:6
  [1m[36mUser Exists (0.3ms)[0m  [1m[34mSELECT  1 AS one FROM "users" WHERE "users"."session_token" = $1 LIMIT $2[0m  [["session_token", "cGEjL2ozINlUCDb8SiXYVA"], ["LIMIT", 1]]
  ↳ app/controllers/api/users_controller.rb:6
  [1m[35m (0.1ms)[0m  [1m[31mROLLBACK[0m
  ↳ app/controllers/api/users_controller.rb:6
Completed 422 Unprocessable Entity in 233ms (Views: 0.2ms | ActiveRecord: 0.9ms)


Started GET "/" for ::1 at 2020-07-28 14:04:55 -0400
Processing by StaticPagesController#root as HTML
  Rendering static_pages/root.html.erb within layouts/application
  Rendered static_pages/root.html.erb within layouts/application (0.5ms)
Completed 200 OK in 63ms (Views: 56.7ms | ActiveRecord: 0.0ms)


Started POST "/api/users" for ::1 at 2020-07-28 14:04:59 -0400
Processing by Api::UsersController#create as JSON
  Parameters: {"user"=>{"email"=>"username1", "first_name"=>"bob", "last_name"=>"bobby", "balance"=>"10", "password"=>"[FILTERED]"}}
Unpermitted parameters: :email, :first_name, :last_name, :balance
  [1m[35m (0.1ms)[0m  [1m[35mBEGIN[0m
  ↳ app/controllers/api/users_controller.rb:6
  [1m[36mUser Exists (0.3ms)[0m  [1m[34mSELECT  1 AS one FROM "users" WHERE "users"."email" IS NULL LIMIT $1[0m  [["LIMIT", 1]]
  ↳ app/controllers/api/users_controller.rb:6
  [1m[36mUser Exists (0.3ms)[0m  [1m[34mSELECT  1 AS one FROM "users" WHERE "users"."session_token" = $1 LIMIT $2[0m  [["session_token", "2Prrc3mCN-kyFCljzEYjiQ"], ["LIMIT", 1]]
  ↳ app/controllers/api/users_controller.rb:6
  [1m[35m (0.1ms)[0m  [1m[31mROLLBACK[0m
  ↳ app/controllers/api/users_controller.rb:6
Completed 422 Unprocessable Entity in 238ms (Views: 0.1ms | ActiveRecord: 0.9ms)


Started POST "/api/users" for ::1 at 2020-07-28 14:07:27 -0400
Processing by Api::UsersController#create as JSON
  Parameters: {"user"=>{"email"=>"username1", "first_name"=>"bob", "last_name"=>"bobby", "balance"=>"10", "password"=>"[FILTERED]"}}
  [1m[35m (0.6ms)[0m  [1m[35mBEGIN[0m
  ↳ app/controllers/api/users_controller.rb:6
  [1m[36mUser Exists (0.3ms)[0m  [1m[34mSELECT  1 AS one FROM "users" WHERE "users"."email" = $1 LIMIT $2[0m  [["email", "username1"], ["LIMIT", 1]]
  ↳ app/controllers/api/users_controller.rb:6
  [1m[36mUser Exists (0.3ms)[0m  [1m[34mSELECT  1 AS one FROM "users" WHERE "users"."session_token" = $1 LIMIT $2[0m  [["session_token", "U6MxM6IkYPIJIBmWsWeNHg"], ["LIMIT", 1]]
  ↳ app/controllers/api/users_controller.rb:6
  [1m[36mUser Create (0.7ms)[0m  [1m[32mINSERT INTO "users" ("email", "first_name", "last_name", "balance", "password_digest", "session_token", "created_at", "updated_at") VALUES ($1, $2, $3, $4, $5, $6, $7, $8) RETURNING "id"[0m  [["email", "username1"], ["first_name", "bob"], ["last_name", "bobby"], ["balance", 10], ["password_digest", "$2a$12$ixcSXq9me0IQ4alumBTj4.uPp1PMK3gUJ1F37vOYXEpxOXyjY86fm"], ["session_token", "U6MxM6IkYPIJIBmWsWeNHg"], ["created_at", "2020-07-28 18:07:27.437630"], ["updated_at", "2020-07-28 18:07:27.437630"]]
  ↳ app/controllers/api/users_controller.rb:6
  [1m[35m (2.1ms)[0m  [1m[35mCOMMIT[0m
  ↳ app/controllers/api/users_controller.rb:6
Completed 500 Internal Server Error in 457ms (ActiveRecord: 12.3ms)



NoMethodError - undefined method `login' for #<Api::UsersController:0x00007fcb476729f0>
Did you mean?  login!:
  app/controllers/api/users_controller.rb:7:in `create'

Started POST "/api/users" for ::1 at 2020-07-28 14:07:48 -0400
Processing by Api::UsersController#create as JSON
  Parameters: {"user"=>{"email"=>"username1", "first_name"=>"bob", "last_name"=>"bobby", "balance"=>"10", "password"=>"[FILTERED]"}}
  [1m[35m (0.2ms)[0m  [1m[35mBEGIN[0m
  ↳ app/controllers/api/users_controller.rb:6
  [1m[36mUser Exists (0.5ms)[0m  [1m[34mSELECT  1 AS one FROM "users" WHERE "users"."email" = $1 LIMIT $2[0m  [["email", "username1"], ["LIMIT", 1]]
  ↳ app/controllers/api/users_controller.rb:6
  [1m[36mUser Exists (0.3ms)[0m  [1m[34mSELECT  1 AS one FROM "users" WHERE "users"."session_token" = $1 LIMIT $2[0m  [["session_token", "G37gEz9OaZ9vjkA6zyjgXw"], ["LIMIT", 1]]
  ↳ app/controllers/api/users_controller.rb:6
  [1m[35m (0.2ms)[0m  [1m[31mROLLBACK[0m
  ↳ app/controllers/api/users_controller.rb:6
Completed 422 Unprocessable Entity in 263ms (Views: 0.3ms | ActiveRecord: 8.9ms)


  [1m[36mUser Load (0.7ms)[0m  [1m[34mSELECT "users".* FROM "users"[0m
Started GET "/" for ::1 at 2020-07-28 14:12:09 -0400
Processing by StaticPagesController#root as HTML
  Rendering static_pages/root.html.erb within layouts/application
  Rendered static_pages/root.html.erb within layouts/application (0.4ms)
Completed 200 OK in 52ms (Views: 47.7ms | ActiveRecord: 0.0ms)


Started GET "/" for ::1 at 2020-07-28 14:13:19 -0400
Processing by StaticPagesController#root as HTML
  Rendering static_pages/root.html.erb within layouts/application
  Rendered static_pages/root.html.erb within layouts/application (0.4ms)
Completed 200 OK in 40ms (Views: 32.3ms | ActiveRecord: 0.0ms)


Started GET "/" for ::1 at 2020-07-28 14:13:42 -0400
Processing by StaticPagesController#root as HTML
  Rendering static_pages/root.html.erb within layouts/application
  Rendered static_pages/root.html.erb within layouts/application (0.4ms)
Completed 200 OK in 33ms (Views: 28.2ms | ActiveRecord: 0.0ms)


Started GET "/" for ::1 at 2020-07-28 14:19:01 -0400
Processing by StaticPagesController#root as HTML
  Rendering static_pages/root.html.erb within layouts/application
  Rendered static_pages/root.html.erb within layouts/application (0.6ms)
Completed 200 OK in 50ms (Views: 46.7ms | ActiveRecord: 0.0ms)


Started GET "/" for ::1 at 2020-07-28 14:20:57 -0400
Processing by StaticPagesController#root as HTML
  Rendering static_pages/root.html.erb within layouts/application
  Rendered static_pages/root.html.erb within layouts/application (0.4ms)
Completed 200 OK in 52ms (Views: 49.3ms | ActiveRecord: 0.0ms)


Started GET "/" for ::1 at 2020-07-28 14:26:50 -0400
Processing by StaticPagesController#root as HTML
  Rendering static_pages/root.html.erb within layouts/application
  Rendered static_pages/root.html.erb within layouts/application (1.9ms)
Completed 200 OK in 790ms (Views: 784.7ms | ActiveRecord: 0.0ms)


